core-pose/build/intermediates/manifest_merge_blame_file/debug/processDebugManifest/manifest-merger-blame-debug-report.txt
1<?xml version="1.0" encoding="utf-8"?>
2<manifest xmlns:android="http://schemas.android.com/apk/res/android"
3    package="com.example.io_motion.core.pose" >
4
5    <uses-sdk android:minSdkVersion="24" />
6
7    <uses-permission android:name="android.permission.CAMERA" />
7-->src\main\AndroidManifest.xml:3:5-65
7-->src\main\AndroidManifest.xml:3:22-62
8
9    <uses-feature
9-->src\main\AndroidManifest.xml:4:5-89
10        android:name="android.hardware.camera.any"
10-->src\main\AndroidManifest.xml:4:19-61
11        android:required="false" />
11-->src\main\AndroidManifest.xml:4:62-86
12
13</manifest>